<?xml version="1.0" encoding="UTF-8"?>
<testsuite name="com.example.Alpha.AlphaApplicationTests" tests="1" skipped="0" failures="0" errors="0" timestamp="2022-06-02T20:56:43" hostname="MSI-GL73" time="0.039">
  <properties/>
  <testcase name="compareRatesTest()" classname="com.example.Alpha.AlphaApplicationTests" time="0.039"/>
  <system-out><![CDATA[23:56:39.236 [Test worker] DEBUG org.springframework.test.context.BootstrapUtils - Instantiating CacheAwareContextLoaderDelegate from class [org.springframework.test.context.cache.DefaultCacheAwareContextLoaderDelegate]
23:56:39.245 [Test worker] DEBUG org.springframework.test.context.BootstrapUtils - Instantiating BootstrapContext using constructor [public org.springframework.test.context.support.DefaultBootstrapContext(java.lang.Class,org.springframework.test.context.CacheAwareContextLoaderDelegate)]
23:56:39.273 [Test worker] DEBUG org.springframework.test.context.BootstrapUtils - Instantiating TestContextBootstrapper for test class [com.example.Alpha.AlphaApplicationTests] from class [org.springframework.boot.test.context.SpringBootTestContextBootstrapper]
23:56:39.281 [Test worker] INFO org.springframework.boot.test.context.SpringBootTestContextBootstrapper - Neither @ContextConfiguration nor @ContextHierarchy found for test class [com.example.Alpha.AlphaApplicationTests], using SpringBootContextLoader
23:56:39.284 [Test worker] DEBUG org.springframework.test.context.support.AbstractContextLoader - Did not detect default resource location for test class [com.example.Alpha.AlphaApplicationTests]: class path resource [com/example/Alpha/AlphaApplicationTests-context.xml] does not exist
23:56:39.284 [Test worker] DEBUG org.springframework.test.context.support.AbstractContextLoader - Did not detect default resource location for test class [com.example.Alpha.AlphaApplicationTests]: class path resource [com/example/Alpha/AlphaApplicationTestsContext.groovy] does not exist
23:56:39.285 [Test worker] INFO org.springframework.test.context.support.AbstractContextLoader - Could not detect default resource locations for test class [com.example.Alpha.AlphaApplicationTests]: no resource found for suffixes {-context.xml, Context.groovy}.
23:56:39.285 [Test worker] INFO org.springframework.test.context.support.AnnotationConfigContextLoaderUtils - Could not detect default configuration classes for test class [com.example.Alpha.AlphaApplicationTests]: AlphaApplicationTests does not declare any static, non-private, non-final, nested classes annotated with @Configuration.
23:56:39.324 [Test worker] DEBUG org.springframework.test.context.support.ActiveProfilesUtils - Could not find an 'annotation declaring class' for annotation type [org.springframework.test.context.ActiveProfiles] and class [com.example.Alpha.AlphaApplicationTests]
23:56:39.375 [Test worker] DEBUG org.springframework.context.annotation.ClassPathScanningCandidateComponentProvider - Identified candidate component class: file [C:\Users\1111\Desktop\GifByCurrencyRates\build\classes\java\main\com\example\Alpha\AlfaApplication.class]
23:56:39.376 [Test worker] INFO org.springframework.boot.test.context.SpringBootTestContextBootstrapper - Found @SpringBootConfiguration com.example.Alpha.AlfaApplication for test class com.example.Alpha.AlphaApplicationTests
23:56:39.488 [Test worker] DEBUG org.springframework.boot.test.context.SpringBootTestContextBootstrapper - @TestExecutionListeners is not present for class [com.example.Alpha.AlphaApplicationTests]: using defaults.
23:56:39.489 [Test worker] INFO org.springframework.boot.test.context.SpringBootTestContextBootstrapper - Loaded default TestExecutionListener class names from location [META-INF/spring.factories]: [org.springframework.boot.test.autoconfigure.restdocs.RestDocsTestExecutionListener, org.springframework.boot.test.autoconfigure.web.client.MockRestServiceServerResetTestExecutionListener, org.springframework.boot.test.autoconfigure.web.servlet.MockMvcPrintOnlyOnFailureTestExecutionListener, org.springframework.boot.test.autoconfigure.web.servlet.WebDriverTestExecutionListener, org.springframework.boot.test.autoconfigure.webservices.client.MockWebServiceServerTestExecutionListener, org.springframework.boot.test.mock.mockito.MockitoTestExecutionListener, org.springframework.boot.test.mock.mockito.ResetMocksTestExecutionListener, org.springframework.test.context.web.ServletTestExecutionListener, org.springframework.test.context.support.DirtiesContextBeforeModesTestExecutionListener, org.springframework.test.context.event.ApplicationEventsTestExecutionListener, org.springframework.test.context.support.DependencyInjectionTestExecutionListener, org.springframework.test.context.support.DirtiesContextTestExecutionListener, org.springframework.test.context.transaction.TransactionalTestExecutionListener, org.springframework.test.context.jdbc.SqlScriptsTestExecutionListener, org.springframework.test.context.event.EventPublishingTestExecutionListener]
23:56:39.506 [Test worker] DEBUG org.springframework.boot.test.context.SpringBootTestContextBootstrapper - Skipping candidate TestExecutionListener [org.springframework.test.context.transaction.TransactionalTestExecutionListener] due to a missing dependency. Specify custom listener classes or make the default listener classes and their required dependencies available. Offending class: [org/springframework/transaction/interceptor/TransactionAttributeSource]
23:56:39.507 [Test worker] DEBUG org.springframework.boot.test.context.SpringBootTestContextBootstrapper - Skipping candidate TestExecutionListener [org.springframework.test.context.jdbc.SqlScriptsTestExecutionListener] due to a missing dependency. Specify custom listener classes or make the default listener classes and their required dependencies available. Offending class: [org/springframework/transaction/interceptor/TransactionAttribute]
23:56:39.507 [Test worker] INFO org.springframework.boot.test.context.SpringBootTestContextBootstrapper - Using TestExecutionListeners: [org.springframework.test.context.web.ServletTestExecutionListener@6865c751, org.springframework.test.context.support.DirtiesContextBeforeModesTestExecutionListener@62679465, org.springframework.test.context.event.ApplicationEventsTestExecutionListener@6a988392, org.springframework.boot.test.mock.mockito.MockitoTestExecutionListener@1d71006f, org.springframework.boot.test.autoconfigure.SpringBootDependencyInjectionTestExecutionListener@5b6813df, org.springframework.test.context.support.DirtiesContextTestExecutionListener@5f2606b, org.springframework.test.context.event.EventPublishingTestExecutionListener@2b58f754, org.springframework.boot.test.autoconfigure.restdocs.RestDocsTestExecutionListener@3ebff828, org.springframework.boot.test.autoconfigure.web.client.MockRestServiceServerResetTestExecutionListener@2552f2cb, org.springframework.boot.test.autoconfigure.web.servlet.MockMvcPrintOnlyOnFailureTestExecutionListener@33352f32, org.springframework.boot.test.autoconfigure.web.servlet.WebDriverTestExecutionListener@5f3b9c57, org.springframework.boot.test.autoconfigure.webservices.client.MockWebServiceServerTestExecutionListener@1e044120, org.springframework.boot.test.mock.mockito.ResetMocksTestExecutionListener@2cf23c81]
23:56:39.512 [Test worker] DEBUG org.springframework.test.context.support.AbstractDirtiesContextTestExecutionListener - Before test class: context [DefaultTestContext@1568159 testClass = AlphaApplicationTests, testInstance = [null], testMethod = [null], testException = [null], mergedContextConfiguration = [WebMergedContextConfiguration@4fcee388 testClass = AlphaApplicationTests, locations = '{}', classes = '{class com.example.Alpha.AlfaApplication}', contextInitializerClasses = '[]', activeProfiles = '{}', propertySourceLocations = '{}', propertySourceProperties = '{org.springframework.boot.test.context.SpringBootTestContextBootstrapper=true}', contextCustomizers = set[org.springframework.boot.test.autoconfigure.actuate.metrics.MetricsExportContextCustomizerFactory$DisableMetricExportContextCustomizer@253d9f73, org.springframework.boot.test.autoconfigure.properties.PropertyMappingContextCustomizer@0, org.springframework.boot.test.autoconfigure.web.servlet.WebDriverContextCustomizerFactory$Customizer@49cb9cb5, org.springframework.boot.test.context.filter.ExcludeFilterContextCustomizer@146587a2, org.springframework.boot.test.json.DuplicateJsonObjectContextCustomizerFactory$DuplicateJsonObjectContextCustomizer@16c63f5, org.springframework.boot.test.mock.mockito.MockitoContextCustomizer@bdcc65e8, org.springframework.boot.test.web.client.TestRestTemplateContextCustomizer@3d2ee678, org.springframework.boot.test.web.reactive.server.WebTestClientContextCustomizer@5023bb8b, org.springframework.boot.test.context.SpringBootTestArgs@1, org.springframework.boot.test.context.SpringBootTestWebEnvironment@505fc5a4], resourceBasePath = 'src/main/webapp', contextLoader = 'org.springframework.boot.test.context.SpringBootContextLoader', parent = [null]], attributes = map['org.springframework.test.context.web.ServletTestExecutionListener.activateListener' -> true]], class annotated with @DirtiesContext [false] with mode [null].

  .   ____          _            __ _ _
 /\\ / ___'_ __ _ _(_)_ __  __ _ \ \ \ \
( ( )\___ | '_ | '_| | '_ \/ _` | \ \ \ \
 \\/  ___)| |_)| | | | | || (_| |  ) ) ) )
  '  |____| .__|_| |_|_| |_\__, | / / / /
 =========|_|==============|___/=/_/_/_/
 :: Spring Boot ::                (v2.7.0)

2022-06-02 23:56:40.083  INFO 21632 --- [    Test worker] com.example.Alpha.AlphaApplicationTests  : Starting AlphaApplicationTests using Java 17.0.2 on MSI-GL73 with PID 21632 (started by 1111 in C:\Users\1111\Desktop\GifByCurrencyRates)
2022-06-02 23:56:40.084  INFO 21632 --- [    Test worker] com.example.Alpha.AlphaApplicationTests  : No active profile set, falling back to 1 default profile: "default"
2022-06-02 23:56:40.893  INFO 21632 --- [    Test worker] o.s.cloud.context.scope.GenericScope     : BeanFactory id=872d94d3-c999-3c9d-8425-08beb7024d06
2022-06-02 23:56:41.405  INFO 21632 --- [    Test worker] trationDelegate$BeanPostProcessorChecker : Bean 'org.springframework.cloud.client.loadbalancer.reactive.LoadBalancerBeanPostProcessorAutoConfiguration' of type [org.springframework.cloud.client.loadbalancer.reactive.LoadBalancerBeanPostProcessorAutoConfiguration] is not eligible for getting processed by all BeanPostProcessors (for example: not eligible for auto-proxying)
2022-06-02 23:56:41.408  INFO 21632 --- [    Test worker] trationDelegate$BeanPostProcessorChecker : Bean 'org.springframework.cloud.client.loadbalancer.reactive.LoadBalancerBeanPostProcessorAutoConfiguration$ReactorDeferringLoadBalancerFilterConfig' of type [org.springframework.cloud.client.loadbalancer.reactive.LoadBalancerBeanPostProcessorAutoConfiguration$ReactorDeferringLoadBalancerFilterConfig] is not eligible for getting processed by all BeanPostProcessors (for example: not eligible for auto-proxying)
2022-06-02 23:56:41.412  INFO 21632 --- [    Test worker] trationDelegate$BeanPostProcessorChecker : Bean 'reactorDeferringLoadBalancerExchangeFilterFunction' of type [org.springframework.cloud.client.loadbalancer.reactive.DeferringLoadBalancerExchangeFilterFunction] is not eligible for getting processed by all BeanPostProcessors (for example: not eligible for auto-proxying)
2022-06-02 23:56:43.305  WARN 21632 --- [    Test worker] iguration$LoadBalancerCaffeineWarnLogger : Spring Cloud LoadBalancer is currently working with the default cache. While this cache implementation is useful for development and tests, it's recommended to use Caffeine cache in production.You can switch to using Caffeine cache, by adding it and org.springframework.cache.caffeine.CaffeineCacheManager to the classpath.
2022-06-02 23:56:43.328  INFO 21632 --- [    Test worker] com.example.Alpha.AlphaApplicationTests  : Started AlphaApplicationTests in 3.707 seconds (JVM running for 4.804)
]]></system-out>
  <system-err><![CDATA[]]></system-err>
</testsuite>
